{
  "RSpec": {
    "coverage": {
      "/Users/vivianallen/projects/makers-course/bookmark_manager/spec/database_connection_spec.rb": [
        1,
        1,
        null,
        1,
        1,
        1,
        1,
        null,
        1,
        1,
        1,
        null,
        null
      ],
      "/Users/vivianallen/projects/makers-course/bookmark_manager/lib/database_connection.rb": [
        1,
        null,
        null
      ],
      "/Users/vivianallen/projects/makers-course/bookmark_manager/spec/features/add_links_spec.rb": [
        1,
        1,
        1,
        1,
        1,
        1,
        null,
        null
      ],
      "/Users/vivianallen/projects/makers-course/bookmark_manager/spec/features/see_list_of_spec.rb": [
        1,
        1,
        1,
        1,
        1,
        1,
        null,
        null
      ],
      "/Users/vivianallen/projects/makers-course/bookmark_manager/spec/link_spec.rb": [
        1,
        null,
        1,
        1,
        1,
        1,
        1,
        1,
        1,
        null,
        null,
        null
      ],
      "/Users/vivianallen/projects/makers-course/bookmark_manager/spec/test_database_setup.rb": [
        1,
        1,
        null,
        1,
        1,
        1,
        1,
        1
      ]
    },
    "timestamp": 1520962183
  }
}
