{
  "RSpec": {
    "coverage": {
      "/Users/vivianallen/projects/makers-course/bookmark_manager/spec/comment_spec.rb": [
        1,
        null,
        1,
        null,
        4,
        null,
        4,
        null,
        1,
        3,
        null,
        null,
        1,
        1,
        1,
        null,
        1,
        null,
        1,
        1,
        null,
        null,
        1,
        1,
        1,
        1,
        null,
        1,
        null,
        null,
        null
      ],
      "/Users/vivianallen/projects/makers-course/bookmark_manager/spec/database_connection_spec.rb": [
        1,
        1,
        null,
        1,
        null,
        1,
        1,
        1,
        null,
        null,
        1,
        1,
        1,
        null,
        null,
        1,
        1,
        1,
        1,
        null,
        null
      ],
      "/Users/vivianallen/projects/makers-course/bookmark_manager/spec/features/add_links_spec.rb": [
        1,
        1,
        1,
        1,
        1,
        1,
        1,
        1,
        1,
        null,
        null
      ],
      "/Users/vivianallen/projects/makers-course/bookmark_manager/spec/features/adding_comments_spec.rb": [
        1,
        1,
        1,
        1,
        1,
        null,
        1,
        1,
        1,
        1,
        0,
        null,
        null,
        null
      ],
      "/Users/vivianallen/projects/makers-course/bookmark_manager/spec/features/deleting_links_spec.rb": [
        1,
        1,
        1,
        1,
        1,
        null,
        1,
        1,
        null,
        null
      ],
      "/Users/vivianallen/projects/makers-course/bookmark_manager/spec/features/editing_links_spec.rb": [
        1,
        1,
        1,
        1,
        1,
        null,
        1,
        1,
        null,
        1,
        1,
        1,
        1,
        null,
        1,
        1,
        1,
        1,
        1,
        1,
        1,
        null,
        null
      ],
      "/Users/vivianallen/projects/makers-course/bookmark_manager/spec/features/validating_links_spec.rb": [
        1,
        1,
        1,
        1,
        1,
        1,
        1,
        1,
        null,
        null
      ],
      "/Users/vivianallen/projects/makers-course/bookmark_manager/spec/features/viewing_comments_spec.rb": [
        1,
        1,
        1,
        1,
        1,
        1,
        null,
        null
      ],
      "/Users/vivianallen/projects/makers-course/bookmark_manager/spec/features/viewing_links_spec.rb": [
        1,
        1,
        1,
        1,
        1,
        1,
        null,
        null
      ],
      "/Users/vivianallen/projects/makers-course/bookmark_manager/spec/link_spec.rb": [
        1,
        null,
        1,
        null,
        7,
        null,
        null,
        1,
        6,
        null,
        null,
        1,
        1,
        1,
        1,
        null,
        null,
        1,
        1,
        1,
        1,
        1,
        null,
        1,
        null,
        1,
        1,
        1,
        1,
        null,
        null,
        1,
        1,
        1,
        1,
        null,
        1,
        null,
        null,
        1,
        1,
        1,
        1,
        1,
        1,
        null,
        null,
        1,
        null,
        null,
        1,
        1,
        1,
        1,
        null,
        null,
        null
      ]
    },
    "timestamp": 1521208803
  }
}
